<?xml version="1.0" encoding="UTF-8"?>
<testng-results ignored="0" total="1" passed="1" failed="0" skipped="0">
  <reporter-output>
  </reporter-output>
  <suite started-at="2022-08-26T08:02:30 IST" name="Default suite" finished-at="2022-08-26T08:02:40 IST" duration-ms="10400">
    <groups>
    </groups>
    <test started-at="2022-08-26T08:02:30 IST" name="Default test" finished-at="2022-08-26T08:02:40 IST" duration-ms="10400">
      <class name="Basic.c1">
        <test-method signature="C1()[pri:0, instance:Basic.c1@770d3326]" started-at="2022-08-26T08:02:30 IST" name="C1" finished-at="2022-08-26T08:02:40 IST" duration-ms="10369" status="PASS">
          <reporter-output>
          </reporter-output>
        </test-method> <!-- C1 -->
      </class> <!-- Basic.c1 -->
    </test> <!-- Default test -->
  </suite> <!-- Default suite -->
</testng-results>
