<?xml version="1.0" encoding="UTF-8"?>
<testng-results ignored="0" total="1" passed="1" failed="0" skipped="0">
  <reporter-output>
  </reporter-output>
  <suite started-at="2022-08-12T08:31:01 IST" name="Default suite" finished-at="2022-08-12T08:31:04 IST" duration-ms="3099">
    <groups>
    </groups>
    <test started-at="2022-08-12T08:31:01 IST" name="Default test" finished-at="2022-08-12T08:31:04 IST" duration-ms="3099">
      <class name="TestNGAssertion.A1">
        <test-method signature="t1()[pri:0, instance:TestNGAssertion.A1@4efac082]" started-at="2022-08-12T08:31:01 IST" name="t1" finished-at="2022-08-12T08:31:04 IST" duration-ms="3071" status="PASS">
          <reporter-output>
          </reporter-output>
        </test-method> <!-- t1 -->
      </class> <!-- TestNGAssertion.A1 -->
    </test> <!-- Default test -->
  </suite> <!-- Default suite -->
</testng-results>
